<?xml version="1.0" encoding="UTF-8"?>
<!-- Generated by org.testng.reporters.JUnitReportReporter -->
<testsuite hostname="Shiveena" failures="0" tests="3" name="rahulshettyacademy2.tests.SubmitOrderTest" time="35.139" errors="0" timestamp="2024-12-02T15:03:42 GMT" skipped="0">
  <testcase classname="rahulshettyacademy2.tests.SubmitOrderTest" name="orderHistoryTest" time="10.302"/>
  <testcase classname="rahulshettyacademy2.tests.SubmitOrderTest" name="submitOrder" time="12.896"/>
  <testcase classname="rahulshettyacademy2.tests.SubmitOrderTest" name="submitOrder" time="11.941"/>
</testsuite> <!-- rahulshettyacademy2.tests.SubmitOrderTest -->
