<?xml version="1.0" encoding="UTF-8"?>
<!-- Generated by org.testng.reporters.JUnitReportReporter -->
<testsuite hostname="Shiveena" failures="0" tests="1" name="rahulshettyacademy2.tests.SubmitOrder" time="10.123" errors="0" timestamp="2024-11-20T16:33:53 GMT" skipped="0">
  <testcase classname="rahulshettyacademy2.tests.SubmitOrder" name="submitOrder" time="10.123"/>
</testsuite> <!-- rahulshettyacademy2.tests.SubmitOrder -->
