<?xml version="1.0" encoding="UTF-8"?>
<!-- Generated by org.testng.reporters.JUnitReportReporter -->
<testsuite hostname="Shiveena" failures="0" tests="1" name="Cucumber.TestNGTestRunner" time="13.139" errors="0" timestamp="2024-12-02T16:20:19 GMT" skipped="0">
  <testcase classname="Cucumber.TestNGTestRunner" name="runScenario" time="13.139"/>
</testsuite> <!-- Cucumber.TestNGTestRunner -->
