<?xml version="1.0" encoding="UTF-8"?>
<!-- Generated by org.testng.reporters.JUnitReportReporter -->
<testsuite hostname="Shiveena" failures="0" tests="3" name="rahulshettyacademy2.tests.SubmitOrderTest" time="22.240" errors="0" timestamp="2024-12-05T14:07:17 GMT" skipped="0">
  <testcase classname="rahulshettyacademy2.tests.SubmitOrderTest" name="orderHistoryTest" time="5.434"/>
  <testcase classname="rahulshettyacademy2.tests.SubmitOrderTest" name="submitOrder" time="8.491"/>
  <testcase classname="rahulshettyacademy2.tests.SubmitOrderTest" name="submitOrder" time="8.315"/>
</testsuite> <!-- rahulshettyacademy2.tests.SubmitOrderTest -->
