<?xml version="1.0" encoding="UTF-8"?>
<!-- Generated by org.testng.reporters.JUnitReportReporter -->
<testsuite hostname="Shiveena" failures="0" tests="1" name="Cucumber.TestNGTestRunner" time="10.739" errors="0" timestamp="2024-12-02T16:46:15 GMT" skipped="0">
  <testcase classname="Cucumber.TestNGTestRunner" name="runScenario" time="10.739"/>
</testsuite> <!-- Cucumber.TestNGTestRunner -->
